mode: set
github.com/danfixeads/livepush/app/app.go:25.37,34.2 4 1
github.com/danfixeads/livepush/app/app.go:37.42,39.2 1 1
github.com/danfixeads/livepush/app/app.go:42.43,93.2 8 1
github.com/danfixeads/livepush/app/app.go:96.35,113.45 12 1
github.com/danfixeads/livepush/app/app.go:116.2,116.47 1 0
github.com/danfixeads/livepush/app/app.go:113.45,115.3 1 1
github.com/danfixeads/livepush/app/app.go:123.72,125.2 1 1
github.com/danfixeads/livepush/app/app.go:127.76,133.2 4 1
github.com/danfixeads/livepush/app/app_client.go:12.68,16.43 3 1
github.com/danfixeads/livepush/app/app_client.go:20.2,22.45 2 1
github.com/danfixeads/livepush/app/app_client.go:30.2,30.43 1 1
github.com/danfixeads/livepush/app/app_client.go:16.43,19.3 2 1
github.com/danfixeads/livepush/app/app_client.go:22.45,23.14 1 1
github.com/danfixeads/livepush/app/app_client.go:27.3,27.9 1 1
github.com/danfixeads/livepush/app/app_client.go:24.11,25.59 1 1
github.com/danfixeads/livepush/app/app_client.go:34.68,41.43 5 1
github.com/danfixeads/livepush/app/app_client.go:45.2,48.45 3 1
github.com/danfixeads/livepush/app/app_client.go:53.2,53.38 1 1
github.com/danfixeads/livepush/app/app_client.go:41.43,44.3 2 1
github.com/danfixeads/livepush/app/app_client.go:48.45,51.3 2 1
github.com/danfixeads/livepush/app/app_client.go:57.68,63.45 4 1
github.com/danfixeads/livepush/app/app_client.go:68.2,68.75 1 1
github.com/danfixeads/livepush/app/app_client.go:63.45,66.3 2 1
github.com/danfixeads/livepush/app/app_client.go:72.66,79.29 4 1
github.com/danfixeads/livepush/app/app_client.go:83.2,85.44 2 1
github.com/danfixeads/livepush/app/app_client.go:79.29,81.3 1 1
github.com/danfixeads/livepush/app/app_client.go:89.65,95.46 4 1
github.com/danfixeads/livepush/app/app_client.go:103.2,103.38 1 1
github.com/danfixeads/livepush/app/app_client.go:95.46,96.14 1 1
github.com/danfixeads/livepush/app/app_client.go:100.3,100.9 1 1
github.com/danfixeads/livepush/app/app_client.go:97.11,98.64 1 1
github.com/danfixeads/livepush/app/app_push.go:11.69,15.43 3 0
github.com/danfixeads/livepush/app/app_push.go:19.2,23.50 4 0
github.com/danfixeads/livepush/app/app_push.go:28.2,28.45 1 0
github.com/danfixeads/livepush/app/app_push.go:15.43,18.3 2 0
github.com/danfixeads/livepush/app/app_push.go:23.50,26.3 2 0
github.com/danfixeads/livepush/app/app_push.go:28.45,31.3 2 0
github.com/danfixeads/livepush/app/app_push.go:35.73,35.75 0 0
